[web.archive.org/web/20220618093106/https_/programforyou.ru/block-diagram-redactor.html]
[backblue.gif]
[fade.gif]
[index.html]
[web.archive.org/web/20220618093106/https_/programforyou.ru/programs.html]
[web.archive.org/web/20220618093106/https_/programforyou.ru/block-diagram-redactor.html]
[web.archive.org/web/20220618093106/https_/programforyou.ru/index.html]
[web.archive.org/web/20220618093106/https_/programforyou.ru/images/programs/eclipse-screenshot.png]
[web.archive.org/web/20220618093106/https_/programforyou.ru/files/programs/eclipse-inst-win32.zip]
[web.archive.org/web/20220618093106/https_/programforyou.ru/files/programs/eclipse-inst-win64.zip]
[web.archive.org/web/20220618093106/https_/programforyou.ru/images/programs/visualstudio-screenshot.png]
[web.archive.org/web/20220618093106/https_/programforyou.ru/files/programs/VisualStudioCommunity2017.zip]
[web.archive.org/web/20220618093106/https_/programforyou.ru/images/programs/pascalabc-screenshot.png]
[web.archive.org/web/20220618093106/https_/programforyou.ru/files/programs/PascalABC.Net.zip]
[web.archive.org/web/20220618093106/https_/programforyou.ru/images/programs/sublimetext3-screenshot.png]
[web.archive.org/web/20220618093106/https_/programforyou.ru/files/programs/SublimeText3.zip]
[web.archive.org/web/20220618093106/https_/programforyou.ru/programs.html]
[web.archive.org/web/20220618093106/https_/programforyou.ru/images/programs/eclipse-screenshot.html]
[web.archive.org/web/20220618093106/https_/programforyou.ru/files/programs/eclipse-inst-win32.html]
[web.archive.org/web/20220618093106/https_/programforyou.ru/files/programs/eclipse-inst-win64.html]
[web.archive.org/web/20220618093106/https_/programforyou.ru/images/programs/visualstudio-screenshot.html]
[web.archive.org/web/20220618093106/https_/programforyou.ru/files/programs/VisualStudioCommunity2017.html]
[web.archive.org/web/20220618093106/https_/programforyou.ru/images/programs/pascalabc-screenshot.html]
[web.archive.org/web/20220618093106/https_/programforyou.ru/files/programs/PascalABC.Net.html]
[web.archive.org/web/20220618093106/https_/programforyou.ru/images/programs/sublimetext3-screenshot.html]
[web.archive.org/web/20220618093106/https_/programforyou.ru/files/programs/SublimeText3.html]
